/data/charlie/app/anaconda3/envs/gb_network/bin/python
Python 3.6.15
working on EnergyData_Network.System__n14y2_acetyl.Replica__rep1.Frame__000
Traceback (most recent call last):
  File "Compute_GB_Betweenness_Frame.py", line 1, in <module>
    from __init__ import *
ModuleNotFoundError: No module named '__init__'
working on EnergyData_Network.System__n14y2_acetyl.Replica__rep1.Frame__002
Traceback (most recent call last):
  File "Compute_GB_Betweenness_Frame.py", line 1, in <module>
    from __init__ import *
ModuleNotFoundError: No module named '__init__'
working on EnergyData_Network.System__n14y2_acetyl.Replica__rep1.Frame__003
Traceback (most recent call last):
  File "Compute_GB_Betweenness_Frame.py", line 1, in <module>
    from __init__ import *
ModuleNotFoundError: No module named '__init__'
working on EnergyData_Network.System__n14y2_acetyl.Replica__rep1.Frame__001
Traceback (most recent call last):
  File "Compute_GB_Betweenness_Frame.py", line 1, in <module>
    from __init__ import *
ModuleNotFoundError: No module named '__init__'
working on EnergyData_Network.System__wt2_standard.Replica__rep1.Frame__000
Traceback (most recent call last):
  File "Compute_GB_Betweenness_Frame.py", line 1, in <module>
    from __init__ import *
ModuleNotFoundError: No module named '__init__'
working on EnergyData_Network.System__wt2_standard.Replica__rep1.Frame__001
Traceback (most recent call last):
  File "Compute_GB_Betweenness_Frame.py", line 1, in <module>
    from __init__ import *
ModuleNotFoundError: No module named '__init__'
working on EnergyData_Network.System__wt2_standard.Replica__rep1.Frame__003
Traceback (most recent call last):
  File "Compute_GB_Betweenness_Frame.py", line 1, in <module>
    from __init__ import *
ModuleNotFoundError: No module named '__init__'
working on EnergyData_Network.System__wt2_standard.Replica__rep1.Frame__002
Traceback (most recent call last):
  File "Compute_GB_Betweenness_Frame.py", line 1, in <module>
    from __init__ import *
ModuleNotFoundError: No module named '__init__'
