/data/charlie/app/anaconda3/envs/gb_network/bin/python
Python 3.6.15
working on EnergyData_Network.System__n14y2_acetyl.Replica__rep1.Frame__003
working on EnergyData_Network.System__wt2_standard.Replica__rep1.Frame__002
working on EnergyData_Network.System__n14y2_acetyl.Replica__rep1.Frame__001
working on EnergyData_Network.System__n14y2_acetyl.Replica__rep1.Frame__000
working on EnergyData_Network.System__wt2_standard.Replica__rep1.Frame__003
working on EnergyData_Network.System__wt2_standard.Replica__rep1.Frame__000
working on EnergyData_Network.System__wt2_standard.Replica__rep1.Frame__001
working on EnergyData_Network.System__n14y2_acetyl.Replica__rep1.Frame__002
name 'sqlite3' is not defined
Input arguments: GB_Network_Data output EnergyData_Network.System__wt2_standard.Replica__rep1.Frame__003.csv EnergyData_Network.System__wt2_standard.Replica__rep1.Frame__003.Betweenness None ['Resid_1', 'Resid_2'] TOTAL ['14', '240', '466', '692', '918', '1144'] ['47', '273', '499', '725', '951', '1177'] True True True False True 2
loading data,Building node name to index maps
saving node name indexing map
  system   subtype   rep  Frame  ...  Chain_2  Seqid_2      TOTAL  Chain_Delta
0    wt2  standard  rep1      3  ...        1        1 -22.435582            0
1    wt2  standard  rep1      3  ...        1        2 -27.198155            0
2    wt2  standard  rep1      3  ...        1        3  -3.429044            0
3    wt2  standard  rep1      3  ...        1        4  -3.277590            0
4    wt2  standard  rep1      3  ...        1        5  -4.213581            0

[5 rows x 12 columns]
building source node list
source nodes:
   NodeNames  MatrixIndices
0         13             13
1        239            239
2        465            465
3        691            691
4        917            917
5       1143           1143
building target node list
target nodes:
  NodeNames  MatrixIndices
0        47             46
1       273            272
2       499            498
3       725            724
4       951            950
5      1177           1176
Constructing network matrix
computing matrix Laplacian
extracting weighted adjacency matrix
computing moore-penrose inverse of matrix Laplacian
generating flow betweenness scores
total betweenness calculation time: 1.4809374809265137
Compiling betweenness table
Joining Betweenness data to interaction data
Saving betweenness data
Computing node betweenness
Saving node betweenness data
name 'sqlite3' is not defined
Input arguments: GB_Network_Data output EnergyData_Network.System__n14y2_acetyl.Replica__rep1.Frame__001.csv EnergyData_Network.System__n14y2_acetyl.Replica__rep1.Frame__001.Betweenness None ['Resid_1', 'Resid_2'] TOTAL ['14', '240', '466', '692', '918', '1144'] ['47', '273', '499', '725', '951', '1177'] True True True False True 2
loading data,Building node name to index maps
saving node name indexing map
  system subtype   rep  Frame  ...  Chain_2  Seqid_2      TOTAL  Chain_Delta
0  n14y2  acetyl  rep1      1  ...        1        1 -26.308317            0
1  n14y2  acetyl  rep1      1  ...        1        2 -27.435053            0
2  n14y2  acetyl  rep1      1  ...        1        3  -2.883102            0
3  n14y2  acetyl  rep1      1  ...        1        4  -3.677777            0
4  n14y2  acetyl  rep1      1  ...        1        5  -1.541568            0

[5 rows x 12 columns]
building source node list
source nodes:
   NodeNames  MatrixIndices
0         13             13
1        239            239
2        465            465
3        691            691
4        917            917
5       1143           1143
building target node list
target nodes:
  NodeNames  MatrixIndices
0        47             46
1       273            272
2       499            498
3       725            724
4       951            950
5      1177           1176
Constructing network matrix
computing matrix Laplacian
extracting weighted adjacency matrix
computing moore-penrose inverse of matrix Laplacian
generating flow betweenness scores
total betweenness calculation time: 1.1352057456970215
Compiling betweenness table
Joining Betweenness data to interaction data
Saving betweenness data
Computing node betweenness
Saving node betweenness data
name 'sqlite3' is not defined
Input arguments: GB_Network_Data output EnergyData_Network.System__n14y2_acetyl.Replica__rep1.Frame__003.csv EnergyData_Network.System__n14y2_acetyl.Replica__rep1.Frame__003.Betweenness None ['Resid_1', 'Resid_2'] TOTAL ['14', '240', '466', '692', '918', '1144'] ['47', '273', '499', '725', '951', '1177'] True True True False True 2
loading data,Building node name to index maps
saving node name indexing map
  system subtype   rep  Frame  ...  Chain_2  Seqid_2      TOTAL  Chain_Delta
0  n14y2  acetyl  rep1      3  ...        1        1 -26.053093            0
1  n14y2  acetyl  rep1      3  ...        1        2 -27.077874            0
2  n14y2  acetyl  rep1      3  ...        1        3  -2.392314            0
3  n14y2  acetyl  rep1      3  ...        1        4  -3.127654            0
4  n14y2  acetyl  rep1      3  ...        1        5  -3.283243            0

[5 rows x 12 columns]
building source node list
source nodes:
   NodeNames  MatrixIndices
0         13             13
1        239            239
2        465            465
3        691            691
4        917            917
5       1143           1143
building target node list
target nodes:
  NodeNames  MatrixIndices
0        47             46
1       273            272
2       499            498
3       725            724
4       951            950
5      1177           1176
Constructing network matrix
computing matrix Laplacian
extracting weighted adjacency matrix
computing moore-penrose inverse of matrix Laplacian
generating flow betweenness scores
total betweenness calculation time: 1.2259719371795654
Compiling betweenness table
Joining Betweenness data to interaction data
Saving betweenness data
Computing node betweenness
Saving node betweenness data
name 'sqlite3' is not defined
Input arguments: GB_Network_Data output EnergyData_Network.System__wt2_standard.Replica__rep1.Frame__002.csv EnergyData_Network.System__wt2_standard.Replica__rep1.Frame__002.Betweenness None ['Resid_1', 'Resid_2'] TOTAL ['14', '240', '466', '692', '918', '1144'] ['47', '273', '499', '725', '951', '1177'] True True True False True 2
loading data,Building node name to index maps
saving node name indexing map
  system   subtype   rep  Frame  ...  Chain_2  Seqid_2      TOTAL  Chain_Delta
0    wt2  standard  rep1      2  ...        1        1 -23.200821            0
1    wt2  standard  rep1      2  ...        1        2 -27.664497            0
2    wt2  standard  rep1      2  ...        1        3  -2.735558            0
3    wt2  standard  rep1      2  ...        1        4  -2.926292            0
4    wt2  standard  rep1      2  ...        1        5  -3.157161            0

[5 rows x 12 columns]
building source node list
source nodes:
   NodeNames  MatrixIndices
0         13             13
1        239            239
2        465            465
3        691            691
4        917            917
5       1143           1143
building target node list
target nodes:
  NodeNames  MatrixIndices
0        47             46
1       273            272
2       499            498
3       725            724
4       951            950
5      1177           1176
Constructing network matrix
computing matrix Laplacian
extracting weighted adjacency matrix
computing moore-penrose inverse of matrix Laplacian
generating flow betweenness scores
total betweenness calculation time: 0.8818256855010986
Compiling betweenness table
Joining Betweenness data to interaction data
Saving betweenness data
Computing node betweenness
Saving node betweenness data
name 'sqlite3' is not defined
Input arguments: GB_Network_Data output EnergyData_Network.System__wt2_standard.Replica__rep1.Frame__001.csv EnergyData_Network.System__wt2_standard.Replica__rep1.Frame__001.Betweenness None ['Resid_1', 'Resid_2'] TOTAL ['14', '240', '466', '692', '918', '1144'] ['47', '273', '499', '725', '951', '1177'] True True True False True 2
loading data,Building node name to index maps
saving node name indexing map
  system   subtype   rep  Frame  ...  Chain_2  Seqid_2      TOTAL  Chain_Delta
0    wt2  standard  rep1      1  ...        1        1 -23.443856            0
1    wt2  standard  rep1      1  ...        1        2 -26.487198            0
2    wt2  standard  rep1      1  ...        1        3  -3.183119            0
3    wt2  standard  rep1      1  ...        1        4  -4.155686            0
4    wt2  standard  rep1      1  ...        1        5  -4.481814            0

[5 rows x 12 columns]
building source node list
source nodes:
   NodeNames  MatrixIndices
0         13             13
1        239            239
2        465            465
3        691            691
4        917            917
5       1143           1143
building target node list
target nodes:
  NodeNames  MatrixIndices
0        47             46
1       273            272
2       499            498
3       725            724
4       951            950
5      1177           1176
Constructing network matrix
computing matrix Laplacian
extracting weighted adjacency matrix
computing moore-penrose inverse of matrix Laplacian
generating flow betweenness scores
total betweenness calculation time: 0.7133047580718994
Compiling betweenness table
Joining Betweenness data to interaction data
Saving betweenness data
Computing node betweenness
Saving node betweenness data
name 'sqlite3' is not defined
Input arguments: GB_Network_Data output EnergyData_Network.System__n14y2_acetyl.Replica__rep1.Frame__002.csv EnergyData_Network.System__n14y2_acetyl.Replica__rep1.Frame__002.Betweenness None ['Resid_1', 'Resid_2'] TOTAL ['14', '240', '466', '692', '918', '1144'] ['47', '273', '499', '725', '951', '1177'] True True True False True 2
loading data,Building node name to index maps
saving node name indexing map
  system subtype   rep  Frame  ...  Chain_2  Seqid_2      TOTAL  Chain_Delta
0  n14y2  acetyl  rep1      2  ...        1        1 -24.622955            0
1  n14y2  acetyl  rep1      2  ...        1        2 -27.696182            0
2  n14y2  acetyl  rep1      2  ...        1        3  -2.837270            0
3  n14y2  acetyl  rep1      2  ...        1        4  -3.390963            0
4  n14y2  acetyl  rep1      2  ...        1        5  -3.078250            0

[5 rows x 12 columns]
building source node list
source nodes:
   NodeNames  MatrixIndices
0         13             13
1        239            239
2        465            465
3        691            691
4        917            917
5       1143           1143
building target node list
target nodes:
  NodeNames  MatrixIndices
0        47             46
1       273            272
2       499            498
3       725            724
4       951            950
5      1177           1176
Constructing network matrix
computing matrix Laplacian
extracting weighted adjacency matrix
computing moore-penrose inverse of matrix Laplacian
generating flow betweenness scores
total betweenness calculation time: 0.4632537364959717
Compiling betweenness table
Joining Betweenness data to interaction data
Saving betweenness data
Computing node betweenness
Saving node betweenness data
name 'sqlite3' is not defined
Input arguments: GB_Network_Data output EnergyData_Network.System__wt2_standard.Replica__rep1.Frame__000.csv EnergyData_Network.System__wt2_standard.Replica__rep1.Frame__000.Betweenness None ['Resid_1', 'Resid_2'] TOTAL ['14', '240', '466', '692', '918', '1144'] ['47', '273', '499', '725', '951', '1177'] True True True False True 2
loading data,Building node name to index maps
saving node name indexing map
  system   subtype   rep  Frame  ...  Chain_2  Seqid_2      TOTAL  Chain_Delta
0    wt2  standard  rep1      0  ...        1        1 -22.293508            0
1    wt2  standard  rep1      0  ...        1        2 -27.037505            0
2    wt2  standard  rep1      0  ...        1        3  -3.531548            0
3    wt2  standard  rep1      0  ...        1        4  -3.220570            0
4    wt2  standard  rep1      0  ...        1        5  -5.215397            0

[5 rows x 12 columns]
building source node list
source nodes:
   NodeNames  MatrixIndices
0         13             13
1        239            239
2        465            465
3        691            691
4        917            917
5       1143           1143
building target node list
target nodes:
  NodeNames  MatrixIndices
0        47             46
1       273            272
2       499            498
3       725            724
4       951            950
5      1177           1176
Constructing network matrix
computing matrix Laplacian
extracting weighted adjacency matrix
computing moore-penrose inverse of matrix Laplacian
generating flow betweenness scores
total betweenness calculation time: 0.39272308349609375
Compiling betweenness table
Joining Betweenness data to interaction data
Saving betweenness data
Computing node betweenness
Saving node betweenness data
name 'sqlite3' is not defined
Input arguments: GB_Network_Data output EnergyData_Network.System__n14y2_acetyl.Replica__rep1.Frame__000.csv EnergyData_Network.System__n14y2_acetyl.Replica__rep1.Frame__000.Betweenness None ['Resid_1', 'Resid_2'] TOTAL ['14', '240', '466', '692', '918', '1144'] ['47', '273', '499', '725', '951', '1177'] True True True False True 2
loading data,Building node name to index maps
saving node name indexing map
  system subtype   rep  Frame  ...  Chain_2  Seqid_2      TOTAL  Chain_Delta
0  n14y2  acetyl  rep1      0  ...        1        1 -25.630398            0
1  n14y2  acetyl  rep1      0  ...        1        2 -27.112100            0
2  n14y2  acetyl  rep1      0  ...        1        3  -2.871134            0
3  n14y2  acetyl  rep1      0  ...        1        4  -3.437618            0
4  n14y2  acetyl  rep1      0  ...        1        5  -5.762637            0

[5 rows x 12 columns]
building source node list
source nodes:
   NodeNames  MatrixIndices
0         13             13
1        239            239
2        465            465
3        691            691
4        917            917
5       1143           1143
building target node list
target nodes:
  NodeNames  MatrixIndices
0        47             46
1       273            272
2       499            498
3       725            724
4       951            950
5      1177           1176
Constructing network matrix
computing matrix Laplacian
extracting weighted adjacency matrix
computing moore-penrose inverse of matrix Laplacian
generating flow betweenness scores
total betweenness calculation time: 0.2722957134246826
Compiling betweenness table
Joining Betweenness data to interaction data
Saving betweenness data
Computing node betweenness
Saving node betweenness data
